<?xml version="1.0" encoding="UTF-8"?>
<testsuite xmlns:xsi="http://www.w3.org/2001/XMLSchema-instance" xsi:noNamespaceSchemaLocation="https://maven.apache.org/surefire/maven-surefire-plugin/xsd/surefire-test-report-3.0.xsd" version="3.0" name="mage.client.util.IgnoreListTest" time="1.735" tests="9" errors="0" skipped="0" failures="0">
  <properties>
    <property name="java.specification.version" value="17"/>
    <property name="sun.cpu.isalist" value="amd64"/>
    <property name="sun.jnu.encoding" value="Cp1252"/>
    <property name="java.class.path" value="D:\eclipse-workspace\mage-master\Mage.Client\target\test-classes;D:\eclipse-workspace\mage-master\Mage.Client\target\classes;D:\eclipse-workspace\mage-master\Mage\target\mage.jar;C:\Users\Dani\.m2\repository\com\google\code\gson\gson\2.8.8\gson-2.8.8.jar;C:\Users\Dani\.m2\repository\com\google\protobuf\protobuf-java\3.19.3\protobuf-java-3.19.3.jar;D:\eclipse-workspace\mage-master\Mage.Common\target\mage-common.jar;C:\Users\Dani\.m2\repository\org\jboss\remoting\jboss-remoting\2.5.4.SP5\jboss-remoting-2.5.4.SP5.jar;C:\Users\Dani\.m2\repository\org\jboss\jboss-common-core\2.5.0.Final\jboss-common-core-2.5.0.Final.jar;C:\Users\Dani\.m2\repository\org\jboss\logging\jboss-logging-spi\2.1.2.GA\jboss-logging-spi-2.1.2.GA.jar;C:\Users\Dani\.m2\repository\jboss\jboss-serialization\4.2.2.GA\jboss-serialization-4.2.2.GA.jar;C:\Users\Dani\.m2\repository\concurrent\concurrent\1.3.4\concurrent-1.3.4.jar;C:\Users\Dani\.m2\repository\trove\trove\1.0.2\trove-1.0.2.jar;D:\eclipse-workspace\mage-master\Mage.Server.Plugins\Mage.Deck.Constructed\target\mage-deck-constructed.jar;C:\Users\Dani\.m2\repository\org\mage\mage-sets\1.4.50\mage-sets-1.4.50.jar;D:\eclipse-workspace\mage-master\Mage.Plugins\Mage.Counter.Plugin\target\mage-counter-plugin.jar;C:\Users\Dani\.m2\repository\com\google\guava\guava\30.1.1-jre\guava-30.1.1-jre.jar;C:\Users\Dani\.m2\repository\com\google\guava\failureaccess\1.0.1\failureaccess-1.0.1.jar;C:\Users\Dani\.m2\repository\com\google\guava\listenablefuture\9999.0-empty-to-avoid-conflict-with-guava\listenablefuture-9999.0-empty-to-avoid-conflict-with-guava.jar;C:\Users\Dani\.m2\repository\com\google\code\findbugs\jsr305\3.0.2\jsr305-3.0.2.jar;C:\Users\Dani\.m2\repository\org\checkerframework\checker-qual\3.8.0\checker-qual-3.8.0.jar;C:\Users\Dani\.m2\repository\com\google\errorprone\error_prone_annotations\2.5.1\error_prone_annotations-2.5.1.jar;C:\Users\Dani\.m2\repository\com\google\j2objc\j2objc-annotations\1.3\j2objc-annotations-1.3.jar;C:\Users\Dani\.m2\repository\net\java\truevfs\truevfs-profile-base\0.14.0\truevfs-profile-base-0.14.0.jar;C:\Users\Dani\.m2\repository\net\java\truevfs\truevfs-access-swing\0.14.0\truevfs-access-swing-0.14.0.jar;C:\Users\Dani\.m2\repository\net\java\truevfs\truevfs-access\0.14.0\truevfs-access-0.14.0.jar;C:\Users\Dani\.m2\repository\net\java\truevfs\truevfs-driver-file\0.14.0\truevfs-driver-file-0.14.0.jar;C:\Users\Dani\.m2\repository\net\java\truecommons\truecommons-services\2.5.0\truecommons-services-2.5.0.jar;C:\Users\Dani\.m2\repository\javax\inject\javax.inject\1\javax.inject-1.jar;C:\Users\Dani\.m2\repository\net\java\truevfs\truevfs-driver-jar\0.14.0\truevfs-driver-jar-0.14.0.jar;C:\Users\Dani\.m2\repository\net\java\truevfs\truevfs-comp-zipdriver\0.14.0\truevfs-comp-zipdriver-0.14.0.jar;C:\Users\Dani\.m2\repository\net\java\truevfs\truevfs-comp-zip\0.14.0\truevfs-comp-zip-0.14.0.jar;C:\Users\Dani\.m2\repository\org\bouncycastle\bcprov-jdk15on\1.68\bcprov-jdk15on-1.68.jar;C:\Users\Dani\.m2\repository\org\apache\commons\commons-compress\1.20\commons-compress-1.20.jar;C:\Users\Dani\.m2\repository\net\java\truevfs\truevfs-driver-zip\0.14.0\truevfs-driver-zip-0.14.0.jar;C:\Users\Dani\.m2\repository\net\java\truevfs\truevfs-comp-ibm437\0.14.0\truevfs-comp-ibm437-0.14.0.jar;C:\Users\Dani\.m2\repository\com\google\code\findbugs\annotations\3.0.1u2\annotations-3.0.1u2.jar;C:\Users\Dani\.m2\repository\global\namespace\service-wight\service-wight-annotation\0.6.0\service-wight-annotation-0.6.0.jar;C:\Users\Dani\.m2\repository\net\java\truevfs\truevfs-kernel-impl\0.14.0\truevfs-kernel-impl-0.14.0.jar;C:\Users\Dani\.m2\repository\net\java\truevfs\truevfs-kernel-spec\0.14.0\truevfs-kernel-spec-0.14.0.jar;C:\Users\Dani\.m2\repository\global\namespace\service-wight\service-wight-core\0.6.0\service-wight-core-0.6.0.jar;C:\Users\Dani\.m2\repository\net\java\truecommons\truecommons-cio\2.5.0\truecommons-cio-2.5.0.jar;C:\Users\Dani\.m2\repository\net\java\truecommons\truecommons-io\2.5.0\truecommons-io-2.5.0.jar;C:\Users\Dani\.m2\repository\net\java\truecommons\truecommons-logging\2.5.0\truecommons-logging-2.5.0.jar;C:\Users\Dani\.m2\repository\net\java\truecommons\truecommons-key-console\2.5.0\truecommons-key-console-2.5.0.jar;C:\Users\Dani\.m2\repository\net\java\truecommons\truecommons-key-spec\2.5.0\truecommons-key-spec-2.5.0.jar;C:\Users\Dani\.m2\repository\net\java\truecommons\truecommons-shed\2.5.0\truecommons-shed-2.5.0.jar;C:\Users\Dani\.m2\repository\net\java\truecommons\truecommons-key-default\2.5.0\truecommons-key-default-2.5.0.jar;C:\Users\Dani\.m2\repository\net\java\truecommons\truecommons-key-swing\2.5.0\truecommons-key-swing-2.5.0.jar;C:\Users\Dani\.m2\repository\org\unbescape\unbescape\1.1.6.RELEASE\unbescape-1.1.6.RELEASE.jar;C:\Users\Dani\.m2\repository\net\sf\trove4j\trove4j\3.0.3\trove4j-3.0.3.jar;C:\Users\Dani\.m2\repository\com\googlecode\jspf\jspf-core\0.9.1\jspf-core-0.9.1.jar;C:\Users\Dani\.m2\repository\org\swinglabs\swingx\1.6.1\swingx-1.6.1.jar;C:\Users\Dani\.m2\repository\com\jhlabs\filters\2.0.235\filters-2.0.235.jar;C:\Users\Dani\.m2\repository\org\swinglabs\swing-worker\1.1\swing-worker-1.1.jar;C:\Users\Dani\.m2\repository\org\swinglabs\swing-layout\1.0.3\swing-layout-1.0.3.jar;C:\Users\Dani\.m2\repository\org\jetlang\jetlang\0.2.23\jetlang-0.2.23.jar;C:\Users\Dani\.m2\repository\com\amazonaws\aws-java-sdk-s3\1.12.78\aws-java-sdk-s3-1.12.78.jar;C:\Users\Dani\.m2\repository\com\amazonaws\aws-java-sdk-kms\1.12.78\aws-java-sdk-kms-1.12.78.jar;C:\Users\Dani\.m2\repository\com\amazonaws\aws-java-sdk-core\1.12.78\aws-java-sdk-core-1.12.78.jar;C:\Users\Dani\.m2\repository\commons-logging\commons-logging\1.1.3\commons-logging-1.1.3.jar;C:\Users\Dani\.m2\repository\commons-codec\commons-codec\1.15\commons-codec-1.15.jar;C:\Users\Dani\.m2\repository\org\apache\httpcomponents\httpclient\4.5.13\httpclient-4.5.13.jar;C:\Users\Dani\.m2\repository\org\apache\httpcomponents\httpcore\4.4.13\httpcore-4.4.13.jar;C:\Users\Dani\.m2\repository\software\amazon\ion\ion-java\1.0.2\ion-java-1.0.2.jar;C:\Users\Dani\.m2\repository\com\fasterxml\jackson\core\jackson-databind\2.12.3\jackson-databind-2.12.3.jar;C:\Users\Dani\.m2\repository\com\fasterxml\jackson\core\jackson-annotations\2.12.3\jackson-annotations-2.12.3.jar;C:\Users\Dani\.m2\repository\com\fasterxml\jackson\core\jackson-core\2.12.3\jackson-core-2.12.3.jar;C:\Users\Dani\.m2\repository\com\fasterxml\jackson\dataformat\jackson-dataformat-cbor\2.12.3\jackson-dataformat-cbor-2.12.3.jar;C:\Users\Dani\.m2\repository\joda-time\joda-time\2.8.1\joda-time-2.8.1.jar;C:\Users\Dani\.m2\repository\com\amazonaws\jmespath-java\1.12.78\jmespath-java-1.12.78.jar;C:\Users\Dani\.m2\repository\com\jgoodies\forms\1.2.1\forms-1.2.1.jar;C:\Users\Dani\.m2\repository\com\intellij\forms_rt\7.0.3\forms_rt-7.0.3.jar;C:\Users\Dani\.m2\repository\asm\asm-commons\3.0\asm-commons-3.0.jar;C:\Users\Dani\.m2\repository\asm\asm-tree\3.0\asm-tree-3.0.jar;C:\Users\Dani\.m2\repository\asm\asm\3.0\asm-3.0.jar;C:\Users\Dani\.m2\repository\jdom\jdom\1.0\jdom-1.0.jar;C:\Users\Dani\.m2\repository\org\jdesktop\beansbinding\1.2.1\beansbinding-1.2.1.jar;C:\Users\Dani\.m2\repository\org\jsoup\jsoup\1.14.3\jsoup-1.14.3.jar;C:\Users\Dani\.m2\repository\com\googlecode\soundlibs\mp3spi\1.9.5.4\mp3spi-1.9.5.4.jar;C:\Users\Dani\.m2\repository\com\googlecode\soundlibs\jlayer\1.0.1.4\jlayer-1.0.1.4.jar;C:\Users\Dani\.m2\repository\com\googlecode\soundlibs\tritonus-share\0.3.7.4\tritonus-share-0.3.7.4.jar;C:\Users\Dani\.m2\repository\javazoom\jlayer\1.0.1\jlayer-1.0.1.jar;C:\Users\Dani\.m2\repository\org\mobicents\external\tritonus\tritonus_share\0.3.6\tritonus_share-0.3.6.jar;C:\Users\Dani\.m2\repository\net\java\balloontip\balloontip\1.2.4.1\balloontip-1.2.4.1.jar;C:\Users\Dani\.m2\repository\org\apache\xmlgraphics\batik-transcoder\1.13\batik-transcoder-1.13.jar;C:\Users\Dani\.m2\repository\org\apache\xmlgraphics\batik-anim\1.13\batik-anim-1.13.jar;C:\Users\Dani\.m2\repository\org\apache\xmlgraphics\batik-css\1.13\batik-css-1.13.jar;C:\Users\Dani\.m2\repository\org\apache\xmlgraphics\batik-ext\1.13\batik-ext-1.13.jar;C:\Users\Dani\.m2\repository\org\apache\xmlgraphics\batik-parser\1.13\batik-parser-1.13.jar;C:\Users\Dani\.m2\repository\org\apache\xmlgraphics\batik-svg-dom\1.13\batik-svg-dom-1.13.jar;C:\Users\Dani\.m2\repository\org\apache\xmlgraphics\batik-awt-util\1.13\batik-awt-util-1.13.jar;C:\Users\Dani\.m2\repository\org\apache\xmlgraphics\xmlgraphics-commons\2.4\xmlgraphics-commons-2.4.jar;C:\Users\Dani\.m2\repository\commons-io\commons-io\1.3.1\commons-io-1.3.1.jar;C:\Users\Dani\.m2\repository\org\apache\xmlgraphics\batik-bridge\1.13\batik-bridge-1.13.jar;C:\Users\Dani\.m2\repository\org\apache\xmlgraphics\batik-script\1.13\batik-script-1.13.jar;C:\Users\Dani\.m2\repository\org\apache\xmlgraphics\batik-dom\1.13\batik-dom-1.13.jar;C:\Users\Dani\.m2\repository\xalan\xalan\2.7.2\xalan-2.7.2.jar;C:\Users\Dani\.m2\repository\xalan\serializer\2.7.2\serializer-2.7.2.jar;C:\Users\Dani\.m2\repository\xml-apis\xml-apis\1.4.01\xml-apis-1.4.01.jar;C:\Users\Dani\.m2\repository\org\apache\xmlgraphics\batik-gvt\1.13\batik-gvt-1.13.jar;C:\Users\Dani\.m2\repository\org\apache\xmlgraphics\batik-shared-resources\1.13\batik-shared-resources-1.13.jar;C:\Users\Dani\.m2\repository\org\apache\xmlgraphics\batik-svggen\1.13\batik-svggen-1.13.jar;C:\Users\Dani\.m2\repository\org\apache\xmlgraphics\batik-util\1.13\batik-util-1.13.jar;C:\Users\Dani\.m2\repository\org\apache\xmlgraphics\batik-constants\1.13\batik-constants-1.13.jar;C:\Users\Dani\.m2\repository\org\apache\xmlgraphics\batik-i18n\1.13\batik-i18n-1.13.jar;C:\Users\Dani\.m2\repository\org\apache\xmlgraphics\batik-xml\1.13\batik-xml-1.13.jar;C:\Users\Dani\.m2\repository\xml-apis\xml-apis-ext\1.3.04\xml-apis-ext-1.3.04.jar;C:\Users\Dani\.m2\repository\org\ocpsoft\prettytime\prettytime\4.0.6.Final\prettytime-4.0.6.Final.jar;C:\Users\Dani\.m2\repository\org\slf4j\slf4j-log4j12\1.7.32\slf4j-log4j12-1.7.32.jar;C:\Users\Dani\.m2\repository\org\slf4j\slf4j-api\1.7.32\slf4j-api-1.7.32.jar;C:\Users\Dani\.m2\repository\log4j\log4j\1.2.17\log4j-1.2.17.jar;C:\Users\Dani\.m2\repository\com\j256\ormlite\ormlite-jdbc\5.7\ormlite-jdbc-5.7.jar;C:\Users\Dani\.m2\repository\com\j256\ormlite\ormlite-core\5.7\ormlite-core-5.7.jar;C:\Users\Dani\.m2\repository\com\h2database\h2\1.4.197\h2-1.4.197.jar;C:\Users\Dani\.m2\repository\org\junit\vintage\junit-vintage-engine\5.8.1\junit-vintage-engine-5.8.1.jar;C:\Users\Dani\.m2\repository\org\junit\platform\junit-platform-engine\1.8.1\junit-platform-engine-1.8.1.jar;C:\Users\Dani\.m2\repository\org\opentest4j\opentest4j\1.2.0\opentest4j-1.2.0.jar;C:\Users\Dani\.m2\repository\org\junit\platform\junit-platform-commons\1.8.1\junit-platform-commons-1.8.1.jar;C:\Users\Dani\.m2\repository\junit\junit\4.13.2\junit-4.13.2.jar;C:\Users\Dani\.m2\repository\org\hamcrest\hamcrest-core\1.3\hamcrest-core-1.3.jar;C:\Users\Dani\.m2\repository\org\apiguardian\apiguardian-api\1.1.2\apiguardian-api-1.1.2.jar;C:\Users\Dani\.m2\repository\org\junit\jupiter\junit-jupiter\5.8.1\junit-jupiter-5.8.1.jar;C:\Users\Dani\.m2\repository\org\junit\jupiter\junit-jupiter-api\5.8.1\junit-jupiter-api-5.8.1.jar;C:\Users\Dani\.m2\repository\org\junit\jupiter\junit-jupiter-params\5.8.1\junit-jupiter-params-5.8.1.jar;C:\Users\Dani\.m2\repository\org\junit\jupiter\junit-jupiter-engine\5.8.1\junit-jupiter-engine-5.8.1.jar;C:\Users\Dani\.m2\repository\org\assertj\assertj-core\3.21.0\assertj-core-3.21.0.jar;C:\Users\Dani\.m2\repository\org\sonarsource\scanner\maven\sonar-maven-plugin\3.9.1.2184\sonar-maven-plugin-3.9.1.2184.jar;C:\Users\Dani\.m2\repository\org\sonatype\plexus\plexus-sec-dispatcher\1.4\plexus-sec-dispatcher-1.4.jar;C:\Users\Dani\.m2\repository\org\sonatype\plexus\plexus-cipher\1.4\plexus-cipher-1.4.jar;C:\Users\Dani\.m2\repository\org\codehaus\plexus\plexus-utils\3.2.1\plexus-utils-3.2.1.jar;C:\Users\Dani\.m2\repository\org\sonarsource\scanner\api\sonar-scanner-api\2.16.2.588\sonar-scanner-api-2.16.2.588.jar;C:\Users\Dani\.m2\repository\commons-lang\commons-lang\2.6\commons-lang-2.6.jar;"/>
    <property name="java.vm.vendor" value="Eclipse Adoptium"/>
    <property name="sun.arch.data.model" value="64"/>
    <property name="user.variant" value=""/>
    <property name="java.vendor.url" value="https://adoptium.net/"/>
    <property name="user.timezone" value="Europe/Madrid"/>
    <property name="os.name" value="Windows 10"/>
    <property name="java.vm.specification.version" value="17"/>
    <property name="sun.java.launcher" value="SUN_STANDARD"/>
    <property name="user.country" value="ES"/>
    <property name="sun.boot.library.path" value="C:\Users\Dani\.p2\pool\plugins\org.eclipse.justj.openjdk.hotspot.jre.full.win32.x86_64_17.0.5.v20221102-0933\jre\bin"/>
    <property name="sun.java.command" value="C:\Users\Dani\AppData\Local\Temp\surefire12240014962068722010\surefirebooter10928937250990543784.jar C:\Users\Dani\AppData\Local\Temp\surefire12240014962068722010 2023-04-12T19-03-14_419-jvmRun1 surefire12082720027213428661tmp surefire_318083306349468298174tmp"/>
    <property name="jdk.debug" value="release"/>
    <property name="surefire.test.class.path" value="D:\eclipse-workspace\mage-master\Mage.Client\target\test-classes;D:\eclipse-workspace\mage-master\Mage.Client\target\classes;D:\eclipse-workspace\mage-master\Mage\target\mage.jar;C:\Users\Dani\.m2\repository\com\google\code\gson\gson\2.8.8\gson-2.8.8.jar;C:\Users\Dani\.m2\repository\com\google\protobuf\protobuf-java\3.19.3\protobuf-java-3.19.3.jar;D:\eclipse-workspace\mage-master\Mage.Common\target\mage-common.jar;C:\Users\Dani\.m2\repository\org\jboss\remoting\jboss-remoting\2.5.4.SP5\jboss-remoting-2.5.4.SP5.jar;C:\Users\Dani\.m2\repository\org\jboss\jboss-common-core\2.5.0.Final\jboss-common-core-2.5.0.Final.jar;C:\Users\Dani\.m2\repository\org\jboss\logging\jboss-logging-spi\2.1.2.GA\jboss-logging-spi-2.1.2.GA.jar;C:\Users\Dani\.m2\repository\jboss\jboss-serialization\4.2.2.GA\jboss-serialization-4.2.2.GA.jar;C:\Users\Dani\.m2\repository\concurrent\concurrent\1.3.4\concurrent-1.3.4.jar;C:\Users\Dani\.m2\repository\trove\trove\1.0.2\trove-1.0.2.jar;D:\eclipse-workspace\mage-master\Mage.Server.Plugins\Mage.Deck.Constructed\target\mage-deck-constructed.jar;C:\Users\Dani\.m2\repository\org\mage\mage-sets\1.4.50\mage-sets-1.4.50.jar;D:\eclipse-workspace\mage-master\Mage.Plugins\Mage.Counter.Plugin\target\mage-counter-plugin.jar;C:\Users\Dani\.m2\repository\com\google\guava\guava\30.1.1-jre\guava-30.1.1-jre.jar;C:\Users\Dani\.m2\repository\com\google\guava\failureaccess\1.0.1\failureaccess-1.0.1.jar;C:\Users\Dani\.m2\repository\com\google\guava\listenablefuture\9999.0-empty-to-avoid-conflict-with-guava\listenablefuture-9999.0-empty-to-avoid-conflict-with-guava.jar;C:\Users\Dani\.m2\repository\com\google\code\findbugs\jsr305\3.0.2\jsr305-3.0.2.jar;C:\Users\Dani\.m2\repository\org\checkerframework\checker-qual\3.8.0\checker-qual-3.8.0.jar;C:\Users\Dani\.m2\repository\com\google\errorprone\error_prone_annotations\2.5.1\error_prone_annotations-2.5.1.jar;C:\Users\Dani\.m2\repository\com\google\j2objc\j2objc-annotations\1.3\j2objc-annotations-1.3.jar;C:\Users\Dani\.m2\repository\net\java\truevfs\truevfs-profile-base\0.14.0\truevfs-profile-base-0.14.0.jar;C:\Users\Dani\.m2\repository\net\java\truevfs\truevfs-access-swing\0.14.0\truevfs-access-swing-0.14.0.jar;C:\Users\Dani\.m2\repository\net\java\truevfs\truevfs-access\0.14.0\truevfs-access-0.14.0.jar;C:\Users\Dani\.m2\repository\net\java\truevfs\truevfs-driver-file\0.14.0\truevfs-driver-file-0.14.0.jar;C:\Users\Dani\.m2\repository\net\java\truecommons\truecommons-services\2.5.0\truecommons-services-2.5.0.jar;C:\Users\Dani\.m2\repository\javax\inject\javax.inject\1\javax.inject-1.jar;C:\Users\Dani\.m2\repository\net\java\truevfs\truevfs-driver-jar\0.14.0\truevfs-driver-jar-0.14.0.jar;C:\Users\Dani\.m2\repository\net\java\truevfs\truevfs-comp-zipdriver\0.14.0\truevfs-comp-zipdriver-0.14.0.jar;C:\Users\Dani\.m2\repository\net\java\truevfs\truevfs-comp-zip\0.14.0\truevfs-comp-zip-0.14.0.jar;C:\Users\Dani\.m2\repository\org\bouncycastle\bcprov-jdk15on\1.68\bcprov-jdk15on-1.68.jar;C:\Users\Dani\.m2\repository\org\apache\commons\commons-compress\1.20\commons-compress-1.20.jar;C:\Users\Dani\.m2\repository\net\java\truevfs\truevfs-driver-zip\0.14.0\truevfs-driver-zip-0.14.0.jar;C:\Users\Dani\.m2\repository\net\java\truevfs\truevfs-comp-ibm437\0.14.0\truevfs-comp-ibm437-0.14.0.jar;C:\Users\Dani\.m2\repository\com\google\code\findbugs\annotations\3.0.1u2\annotations-3.0.1u2.jar;C:\Users\Dani\.m2\repository\global\namespace\service-wight\service-wight-annotation\0.6.0\service-wight-annotation-0.6.0.jar;C:\Users\Dani\.m2\repository\net\java\truevfs\truevfs-kernel-impl\0.14.0\truevfs-kernel-impl-0.14.0.jar;C:\Users\Dani\.m2\repository\net\java\truevfs\truevfs-kernel-spec\0.14.0\truevfs-kernel-spec-0.14.0.jar;C:\Users\Dani\.m2\repository\global\namespace\service-wight\service-wight-core\0.6.0\service-wight-core-0.6.0.jar;C:\Users\Dani\.m2\repository\net\java\truecommons\truecommons-cio\2.5.0\truecommons-cio-2.5.0.jar;C:\Users\Dani\.m2\repository\net\java\truecommons\truecommons-io\2.5.0\truecommons-io-2.5.0.jar;C:\Users\Dani\.m2\repository\net\java\truecommons\truecommons-logging\2.5.0\truecommons-logging-2.5.0.jar;C:\Users\Dani\.m2\repository\net\java\truecommons\truecommons-key-console\2.5.0\truecommons-key-console-2.5.0.jar;C:\Users\Dani\.m2\repository\net\java\truecommons\truecommons-key-spec\2.5.0\truecommons-key-spec-2.5.0.jar;C:\Users\Dani\.m2\repository\net\java\truecommons\truecommons-shed\2.5.0\truecommons-shed-2.5.0.jar;C:\Users\Dani\.m2\repository\net\java\truecommons\truecommons-key-default\2.5.0\truecommons-key-default-2.5.0.jar;C:\Users\Dani\.m2\repository\net\java\truecommons\truecommons-key-swing\2.5.0\truecommons-key-swing-2.5.0.jar;C:\Users\Dani\.m2\repository\org\unbescape\unbescape\1.1.6.RELEASE\unbescape-1.1.6.RELEASE.jar;C:\Users\Dani\.m2\repository\net\sf\trove4j\trove4j\3.0.3\trove4j-3.0.3.jar;C:\Users\Dani\.m2\repository\com\googlecode\jspf\jspf-core\0.9.1\jspf-core-0.9.1.jar;C:\Users\Dani\.m2\repository\org\swinglabs\swingx\1.6.1\swingx-1.6.1.jar;C:\Users\Dani\.m2\repository\com\jhlabs\filters\2.0.235\filters-2.0.235.jar;C:\Users\Dani\.m2\repository\org\swinglabs\swing-worker\1.1\swing-worker-1.1.jar;C:\Users\Dani\.m2\repository\org\swinglabs\swing-layout\1.0.3\swing-layout-1.0.3.jar;C:\Users\Dani\.m2\repository\org\jetlang\jetlang\0.2.23\jetlang-0.2.23.jar;C:\Users\Dani\.m2\repository\com\amazonaws\aws-java-sdk-s3\1.12.78\aws-java-sdk-s3-1.12.78.jar;C:\Users\Dani\.m2\repository\com\amazonaws\aws-java-sdk-kms\1.12.78\aws-java-sdk-kms-1.12.78.jar;C:\Users\Dani\.m2\repository\com\amazonaws\aws-java-sdk-core\1.12.78\aws-java-sdk-core-1.12.78.jar;C:\Users\Dani\.m2\repository\commons-logging\commons-logging\1.1.3\commons-logging-1.1.3.jar;C:\Users\Dani\.m2\repository\commons-codec\commons-codec\1.15\commons-codec-1.15.jar;C:\Users\Dani\.m2\repository\org\apache\httpcomponents\httpclient\4.5.13\httpclient-4.5.13.jar;C:\Users\Dani\.m2\repository\org\apache\httpcomponents\httpcore\4.4.13\httpcore-4.4.13.jar;C:\Users\Dani\.m2\repository\software\amazon\ion\ion-java\1.0.2\ion-java-1.0.2.jar;C:\Users\Dani\.m2\repository\com\fasterxml\jackson\core\jackson-databind\2.12.3\jackson-databind-2.12.3.jar;C:\Users\Dani\.m2\repository\com\fasterxml\jackson\core\jackson-annotations\2.12.3\jackson-annotations-2.12.3.jar;C:\Users\Dani\.m2\repository\com\fasterxml\jackson\core\jackson-core\2.12.3\jackson-core-2.12.3.jar;C:\Users\Dani\.m2\repository\com\fasterxml\jackson\dataformat\jackson-dataformat-cbor\2.12.3\jackson-dataformat-cbor-2.12.3.jar;C:\Users\Dani\.m2\repository\joda-time\joda-time\2.8.1\joda-time-2.8.1.jar;C:\Users\Dani\.m2\repository\com\amazonaws\jmespath-java\1.12.78\jmespath-java-1.12.78.jar;C:\Users\Dani\.m2\repository\com\jgoodies\forms\1.2.1\forms-1.2.1.jar;C:\Users\Dani\.m2\repository\com\intellij\forms_rt\7.0.3\forms_rt-7.0.3.jar;C:\Users\Dani\.m2\repository\asm\asm-commons\3.0\asm-commons-3.0.jar;C:\Users\Dani\.m2\repository\asm\asm-tree\3.0\asm-tree-3.0.jar;C:\Users\Dani\.m2\repository\asm\asm\3.0\asm-3.0.jar;C:\Users\Dani\.m2\repository\jdom\jdom\1.0\jdom-1.0.jar;C:\Users\Dani\.m2\repository\org\jdesktop\beansbinding\1.2.1\beansbinding-1.2.1.jar;C:\Users\Dani\.m2\repository\org\jsoup\jsoup\1.14.3\jsoup-1.14.3.jar;C:\Users\Dani\.m2\repository\com\googlecode\soundlibs\mp3spi\1.9.5.4\mp3spi-1.9.5.4.jar;C:\Users\Dani\.m2\repository\com\googlecode\soundlibs\jlayer\1.0.1.4\jlayer-1.0.1.4.jar;C:\Users\Dani\.m2\repository\com\googlecode\soundlibs\tritonus-share\0.3.7.4\tritonus-share-0.3.7.4.jar;C:\Users\Dani\.m2\repository\javazoom\jlayer\1.0.1\jlayer-1.0.1.jar;C:\Users\Dani\.m2\repository\org\mobicents\external\tritonus\tritonus_share\0.3.6\tritonus_share-0.3.6.jar;C:\Users\Dani\.m2\repository\net\java\balloontip\balloontip\1.2.4.1\balloontip-1.2.4.1.jar;C:\Users\Dani\.m2\repository\org\apache\xmlgraphics\batik-transcoder\1.13\batik-transcoder-1.13.jar;C:\Users\Dani\.m2\repository\org\apache\xmlgraphics\batik-anim\1.13\batik-anim-1.13.jar;C:\Users\Dani\.m2\repository\org\apache\xmlgraphics\batik-css\1.13\batik-css-1.13.jar;C:\Users\Dani\.m2\repository\org\apache\xmlgraphics\batik-ext\1.13\batik-ext-1.13.jar;C:\Users\Dani\.m2\repository\org\apache\xmlgraphics\batik-parser\1.13\batik-parser-1.13.jar;C:\Users\Dani\.m2\repository\org\apache\xmlgraphics\batik-svg-dom\1.13\batik-svg-dom-1.13.jar;C:\Users\Dani\.m2\repository\org\apache\xmlgraphics\batik-awt-util\1.13\batik-awt-util-1.13.jar;C:\Users\Dani\.m2\repository\org\apache\xmlgraphics\xmlgraphics-commons\2.4\xmlgraphics-commons-2.4.jar;C:\Users\Dani\.m2\repository\commons-io\commons-io\1.3.1\commons-io-1.3.1.jar;C:\Users\Dani\.m2\repository\org\apache\xmlgraphics\batik-bridge\1.13\batik-bridge-1.13.jar;C:\Users\Dani\.m2\repository\org\apache\xmlgraphics\batik-script\1.13\batik-script-1.13.jar;C:\Users\Dani\.m2\repository\org\apache\xmlgraphics\batik-dom\1.13\batik-dom-1.13.jar;C:\Users\Dani\.m2\repository\xalan\xalan\2.7.2\xalan-2.7.2.jar;C:\Users\Dani\.m2\repository\xalan\serializer\2.7.2\serializer-2.7.2.jar;C:\Users\Dani\.m2\repository\xml-apis\xml-apis\1.4.01\xml-apis-1.4.01.jar;C:\Users\Dani\.m2\repository\org\apache\xmlgraphics\batik-gvt\1.13\batik-gvt-1.13.jar;C:\Users\Dani\.m2\repository\org\apache\xmlgraphics\batik-shared-resources\1.13\batik-shared-resources-1.13.jar;C:\Users\Dani\.m2\repository\org\apache\xmlgraphics\batik-svggen\1.13\batik-svggen-1.13.jar;C:\Users\Dani\.m2\repository\org\apache\xmlgraphics\batik-util\1.13\batik-util-1.13.jar;C:\Users\Dani\.m2\repository\org\apache\xmlgraphics\batik-constants\1.13\batik-constants-1.13.jar;C:\Users\Dani\.m2\repository\org\apache\xmlgraphics\batik-i18n\1.13\batik-i18n-1.13.jar;C:\Users\Dani\.m2\repository\org\apache\xmlgraphics\batik-xml\1.13\batik-xml-1.13.jar;C:\Users\Dani\.m2\repository\xml-apis\xml-apis-ext\1.3.04\xml-apis-ext-1.3.04.jar;C:\Users\Dani\.m2\repository\org\ocpsoft\prettytime\prettytime\4.0.6.Final\prettytime-4.0.6.Final.jar;C:\Users\Dani\.m2\repository\org\slf4j\slf4j-log4j12\1.7.32\slf4j-log4j12-1.7.32.jar;C:\Users\Dani\.m2\repository\org\slf4j\slf4j-api\1.7.32\slf4j-api-1.7.32.jar;C:\Users\Dani\.m2\repository\log4j\log4j\1.2.17\log4j-1.2.17.jar;C:\Users\Dani\.m2\repository\com\j256\ormlite\ormlite-jdbc\5.7\ormlite-jdbc-5.7.jar;C:\Users\Dani\.m2\repository\com\j256\ormlite\ormlite-core\5.7\ormlite-core-5.7.jar;C:\Users\Dani\.m2\repository\com\h2database\h2\1.4.197\h2-1.4.197.jar;C:\Users\Dani\.m2\repository\org\junit\vintage\junit-vintage-engine\5.8.1\junit-vintage-engine-5.8.1.jar;C:\Users\Dani\.m2\repository\org\junit\platform\junit-platform-engine\1.8.1\junit-platform-engine-1.8.1.jar;C:\Users\Dani\.m2\repository\org\opentest4j\opentest4j\1.2.0\opentest4j-1.2.0.jar;C:\Users\Dani\.m2\repository\org\junit\platform\junit-platform-commons\1.8.1\junit-platform-commons-1.8.1.jar;C:\Users\Dani\.m2\repository\junit\junit\4.13.2\junit-4.13.2.jar;C:\Users\Dani\.m2\repository\org\hamcrest\hamcrest-core\1.3\hamcrest-core-1.3.jar;C:\Users\Dani\.m2\repository\org\apiguardian\apiguardian-api\1.1.2\apiguardian-api-1.1.2.jar;C:\Users\Dani\.m2\repository\org\junit\jupiter\junit-jupiter\5.8.1\junit-jupiter-5.8.1.jar;C:\Users\Dani\.m2\repository\org\junit\jupiter\junit-jupiter-api\5.8.1\junit-jupiter-api-5.8.1.jar;C:\Users\Dani\.m2\repository\org\junit\jupiter\junit-jupiter-params\5.8.1\junit-jupiter-params-5.8.1.jar;C:\Users\Dani\.m2\repository\org\junit\jupiter\junit-jupiter-engine\5.8.1\junit-jupiter-engine-5.8.1.jar;C:\Users\Dani\.m2\repository\org\assertj\assertj-core\3.21.0\assertj-core-3.21.0.jar;C:\Users\Dani\.m2\repository\org\sonarsource\scanner\maven\sonar-maven-plugin\3.9.1.2184\sonar-maven-plugin-3.9.1.2184.jar;C:\Users\Dani\.m2\repository\org\sonatype\plexus\plexus-sec-dispatcher\1.4\plexus-sec-dispatcher-1.4.jar;C:\Users\Dani\.m2\repository\org\sonatype\plexus\plexus-cipher\1.4\plexus-cipher-1.4.jar;C:\Users\Dani\.m2\repository\org\codehaus\plexus\plexus-utils\3.2.1\plexus-utils-3.2.1.jar;C:\Users\Dani\.m2\repository\org\sonarsource\scanner\api\sonar-scanner-api\2.16.2.588\sonar-scanner-api-2.16.2.588.jar;C:\Users\Dani\.m2\repository\commons-lang\commons-lang\2.6\commons-lang-2.6.jar;"/>
    <property name="sun.cpu.endian" value="little"/>
    <property name="user.home" value="C:\Users\Dani"/>
    <property name="user.language" value="es"/>
    <property name="java.specification.vendor" value="Oracle Corporation"/>
    <property name="java.version.date" value="2022-10-18"/>
    <property name="java.home" value="C:\Users\Dani\.p2\pool\plugins\org.eclipse.justj.openjdk.hotspot.jre.full.win32.x86_64_17.0.5.v20221102-0933\jre"/>
    <property name="file.separator" value="\"/>
    <property name="style.color" value="always"/>
    <property name="basedir" value="D:\eclipse-workspace\mage-master\Mage.Client"/>
    <property name="java.vm.compressedOopsMode" value="Zero based"/>
    <property name="line.separator" value="&#10;"/>
    <property name="java.vm.specification.vendor" value="Oracle Corporation"/>
    <property name="java.specification.name" value="Java Platform API Specification"/>
    <property name="surefire.real.class.path" value="C:\Users\Dani\AppData\Local\Temp\surefire12240014962068722010\surefirebooter10928937250990543784.jar"/>
    <property name="user.script" value=""/>
    <property name="sun.management.compiler" value="HotSpot 64-Bit Tiered Compilers"/>
    <property name="java.runtime.version" value="17.0.5+8"/>
    <property name="user.name" value="Dani"/>
    <property name="path.separator" value=";"/>
    <property name="os.version" value="10.0"/>
    <property name="java.runtime.name" value="OpenJDK Runtime Environment"/>
    <property name="file.encoding" value="UTF-8"/>
    <property name="java.vm.name" value="OpenJDK 64-Bit Server VM"/>
    <property name="java.vendor.version" value="Temurin-17.0.5+8"/>
    <property name="localRepository" value="C:\Users\Dani\.m2\repository"/>
    <property name="java.vendor.url.bug" value="https://github.com/adoptium/adoptium-support/issues"/>
    <property name="java.io.tmpdir" value="C:\Users\Dani\AppData\Local\Temp\"/>
    <property name="java.version" value="17.0.5"/>
    <property name="user.dir" value="D:\eclipse-workspace\mage-master\Mage.Client"/>
    <property name="os.arch" value="amd64"/>
    <property name="java.vm.specification.name" value="Java Virtual Machine Specification"/>
    <property name="sun.os.patch.level" value=""/>
    <property name="native.encoding" value="Cp1252"/>
    <property name="sonar.projectKey" value="gacshu_mageProyectAnalisis"/>
    <property name="java.library.path" value="C:\Users\Dani\.p2\pool\plugins\org.eclipse.justj.openjdk.hotspot.jre.full.win32.x86_64_17.0.5.v20221102-0933\jre\bin;C:\WINDOWS\Sun\Java\bin;C:\WINDOWS\system32;C:\WINDOWS;C:/Users/Dani/.p2/pool/plugins/org.eclipse.justj.openjdk.hotspot.jre.full.win32.x86_64_17.0.5.v20221102-0933/jre/bin/server;C:/Users/Dani/.p2/pool/plugins/org.eclipse.justj.openjdk.hotspot.jre.full.win32.x86_64_17.0.5.v20221102-0933/jre/bin;C:\Program Files (x86)\Common Files\Oracle\Java\javapath;C:\Windows\system32;C:\Windows;C:\Windows\System32\Wbem;C:\Windows\System32\WindowsPowerShell\v1.0\;C:\Windows\System32\OpenSSH\;C:\Program Files (x86)\NVIDIA Corporation\PhysX\Common;C:\WINDOWS\system32;C:\WINDOWS;C:\WINDOWS\System32\Wbem;C:\WINDOWS\System32\WindowsPowerShell\v1.0\;C:\WINDOWS\System32\OpenSSH\;C:\Program Files\AutoFirma\AutoFirma;C:\Program Files\MATLAB\R2022a\bin;C:\Program Files\Git\cmd;C:\Program Files\dotnet\;D:\Program Files\nodejs\;C:\Users\Dani\AppData\Local\Programs\Python\Python310\Scripts\;C:\Users\Dani\AppData\Local\Programs\Python\Python310\;C:\Users\Dani\AppData\Local\Microsoft\WindowsApps;C:\Users\Dani\AppData\Local\Programs\Microsoft VS Code\bin;C:\Users\Dani\AppData\Local\GitHubDesktop\bin;C:\Users\Dani\AppData\Roaming\npm;C:\Users\Dani\.dotnet\tools;C:\WINDOWS\System32;;."/>
    <property name="java.vm.info" value="mixed mode"/>
    <property name="java.vendor" value="Eclipse Adoptium"/>
    <property name="java.vm.version" value="17.0.5+8"/>
    <property name="sun.io.unicode.encoding" value="UnicodeLittle"/>
    <property name="java.class.version" value="61.0"/>
  </properties>
  <testcase name="ignore" classname="mage.client.util.IgnoreListTest" time="0.024"/>
  <testcase name="unignore" classname="mage.client.util.IgnoreListTest" time="0.001"/>
  <testcase name="ignoreDefaultResponse" classname="mage.client.util.IgnoreListTest" time="0.001"/>
  <testcase name="ignoreList" classname="mage.client.util.IgnoreListTest" time="0.004"/>
  <testcase name="ignoreNameWithSpaces" classname="mage.client.util.IgnoreListTest" time="0.002"/>
  <testcase name="ignoreAgain" classname="mage.client.util.IgnoreListTest" time="0.001"/>
  <testcase name="ignoreListEmpty" classname="mage.client.util.IgnoreListTest" time="0.001"/>
  <testcase name="ignoreMaxSize" classname="mage.client.util.IgnoreListTest" time="1.694"/>
  <testcase name="ignoreSpaceName" classname="mage.client.util.IgnoreListTest" time="0.001"/>
</testsuite>